[debug] [2020-10-04T17:14:42.254Z] ----------------------------------------------------------------------
[debug] [2020-10-04T17:14:42.261Z] Command:       C:\Program Files\nodejs\node.exe C:\Users\Dhinesh M S\AppData\Roaming\npm\node_modules\firebase-tools\lib\bin\firebase.js deploy
[debug] [2020-10-04T17:14:42.262Z] CLI Version:   8.11.2
[debug] [2020-10-04T17:14:42.262Z] Platform:      win32
[debug] [2020-10-04T17:14:42.262Z] Node Version:  v12.18.3
[debug] [2020-10-04T17:14:42.265Z] Time:          Sun Oct 04 2020 22:44:42 GMT+0530 (India Standard Time)
[debug] [2020-10-04T17:14:42.265Z] ----------------------------------------------------------------------
[debug] [2020-10-04T17:14:42.265Z] 
[debug] [2020-10-04T17:14:42.290Z] > command requires scopes: ["email","openid","https://www.googleapis.com/auth/cloudplatformprojects.readonly","https://www.googleapis.com/auth/firebase","https://www.googleapis.com/auth/cloud-platform"]
[debug] [2020-10-04T17:14:42.293Z] > authorizing via signed-in user
[debug] [2020-10-04T17:14:42.294Z] [iam] checking project portfolio-react-94e79 for permissions ["firebase.projects.get","firebasehosting.sites.update"]
[debug] [2020-10-04T17:14:42.301Z] >>> HTTP REQUEST POST https://cloudresourcemanager.googleapis.com/v1/projects/portfolio-react-94e79:testIamPermissions  
 {"permissions":["firebase.projects.get","firebasehosting.sites.update"]}
[debug] [2020-10-04T17:14:43.658Z] <<< HTTP RESPONSE 200 {"content-type":"application/json; charset=UTF-8","vary":"X-Origin, Referer, Origin,Accept-Encoding","date":"Sun, 04 Oct 2020 17:14:56 GMT","server":"ESF","cache-control":"private","x-xss-protection":"0","x-frame-options":"SAMEORIGIN","x-content-type-options":"nosniff","server-timing":"gfet4t7; dur=1207","alt-svc":"h3-Q050=\":443\"; ma=2592000,h3-29=\":443\"; ma=2592000,h3-27=\":443\"; ma=2592000,h3-T051=\":443\"; ma=2592000,h3-T050=\":443\"; ma=2592000,h3-Q046=\":443\"; ma=2592000,h3-Q043=\":443\"; ma=2592000,quic=\":443\"; ma=2592000; v=\"46,43\"","accept-ranges":"none","transfer-encoding":"chunked"}
[debug] [2020-10-04T17:14:43.661Z] >>> HTTP REQUEST GET https://firebase.googleapis.com/v1beta1/projects/portfolio-react-94e79  
 
[debug] [2020-10-04T17:15:04.706Z] Server Error. connect ETIMEDOUT 216.58.200.138:443
[debug] [2020-10-04T17:15:04.838Z] FirebaseError: Server Error. connect ETIMEDOUT 216.58.200.138:443
    at Request._callback (C:\Users\Dhinesh M S\AppData\Roaming\npm\node_modules\firebase-tools\lib\api.js:32:31)
    at self.callback (C:\Users\Dhinesh M S\AppData\Roaming\npm\node_modules\firebase-tools\node_modules\request\request.js:185:22)
    at Request.emit (events.js:315:20)
    at Request.EventEmitter.emit (domain.js:483:12)
    at Request.onRequestError (C:\Users\Dhinesh M S\AppData\Roaming\npm\node_modules\firebase-tools\node_modules\request\request.js:877:8)
    at ClientRequest.emit (events.js:327:22)
    at ClientRequest.EventEmitter.emit (domain.js:483:12)
    at TLSSocket.socketErrorListener (_http_client.js:426:9)
    at TLSSocket.emit (events.js:315:20)
    at TLSSocket.EventEmitter.emit (domain.js:483:12)
    at emitErrorNT (internal/streams/destroy.js:92:8)
    at emitErrorAndCloseNT (internal/streams/destroy.js:60:3)
    at processTicksAndRejections (internal/process/task_queues.js:84:21)
[error] 
[error] Error: Failed to get Firebase project portfolio-react-94e79. Please make sure the project exists and your account has permission to access it.
